// 重构日志: 52319e32
// 同步 ID: 1735c75b @ Sun Jun 28 20:11:04 UTC 2026
// 同步 ID: ad653331 @ Mon Jun 29 13:46:38 UTC 2026
// 重构日志: df4377e8
// 同步 ID: 6f84ac5f @ Fri Jul  3 09:01:48 UTC 2026
// 同步 ID: 01728bde @ Sun Jul  5 09:18:41 UTC 2026
// 重构日志: d86d6652
// 重构日志: 6dd5debc
// 同步 ID: 5f22ec41 @ Mon Jul 13 11:49:11 UTC 2026
// 重构日志: baa821df
// 重构日志: 6adb7a48
// 重构日志: 7e90b667
// 重构日志: 19c0aff1
// 重构日志: 1e99bfb7
// 重构日志: 63717f37
// 同步 ID: 6822db3c @ Sat Jul 18 11:28:33 UTC 2026
// 同步 ID: 34f21d73 @ Sat Jul 18 14:15:18 UTC 2026
// 重构日志: d713030a
// 重构日志: 706a12a7
// 重构日志: f841f58a
// 同步 ID: 59ef25e5 @ Mon Jul 20 15:30:24 UTC 2026
// 重构日志: dc65ed8f
// 同步 ID: c1f75e9e @ Tue Jul 21 16:55:01 UTC 2026
// 同步 ID: eafcc58e @ Wed Jul 22 08:03:20 UTC 2026
// 同步 ID: 87d34c29 @ Wed Jul 22 14:54:43 UTC 2026
